# JRE version: OpenJDK Runtime Environment (17.0.7) (build 17.0.7+0-b2043.56-10550314)
# Java VM: OpenJDK 64-Bit Server VM (17.0.7+0-b2043.56-10550314, mixed mode, tiered, compressed oops, compressed class ptrs, g1 gc, windows-amd64)
GC Precious Log:
 CPUs: 6 total, 6 available
 Memory: 16317M
 Large Page Support: Disabled
 NUMA Support: Disabled
 Compressed Oops: Enabled (Zero based)
 Heap Region Size: 2M
 Heap Min Capacity: 8M
 Heap Initial Capacity: 256M
 Heap Max Capacity: 4080M
 Pre-touch: Disabled
 Parallel Workers: 6
 Concurrent Workers: 2
 Concurrent Refinement Workers: 6
 Periodic GC: Disabled
Heap:
 garbage-first heap   total 120832K, used 66762K [0x0000000701000000, 0x0000000800000000)
  region size 2048K, 6 young (12288K), 1 survivors (2048K)
 Metaspace       used 64406K, committed 64704K, reserved 1114112K
  class space    used 7469K, committed 7616K, reserved 1048576K
GC Heap History (20 events):
Event: 2.541 GC heap before
{Heap before GC invocations=11 (full 0):
 garbage-first heap   total 81920K, used 61963K [0x0000000701000000, 0x0000000800000000)
  region size 2048K, 20 young (40960K), 3 survivors (6144K)
 Metaspace       used 50908K, committed 51136K, reserved 1114112K
  class space    used 6217K, committed 6336K, reserved 1048576K
}
Event: 2.548 GC heap after
{Heap after GC invocations=12 (full 0):
 garbage-first heap   total 81920K, used 30013K [0x0000000701000000, 0x0000000800000000)
  region size 2048K, 2 young (4096K), 2 survivors (4096K)
 Metaspace       used 50908K, committed 51136K, reserved 1114112K
  class space    used 6217K, committed 6336K, reserved 1048576K
}
Event: 2.762 GC heap before
{Heap before GC invocations=12 (full 0):
 garbage-first heap   total 81920K, used 60733K [0x0000000701000000, 0x0000000800000000)
  region size 2048K, 17 young (34816K), 2 survivors (4096K)
 Metaspace       used 52544K, committed 52800K, reserved 1114112K
  class space    used 6382K, committed 6464K, reserved 1048576K
}
Event: 2.769 GC heap after
{Heap after GC invocations=13 (full 0):
 garbage-first heap   total 81920K, used 34298K [0x0000000701000000, 0x0000000800000000)
  region size 2048K, 3 young (6144K), 3 survivors (6144K)
 Metaspace       used 52544K, committed 52800K, reserved 1114112K
  class space    used 6382K, committed 6464K, reserved 1048576K
}
Event: 3.030 GC heap before
{Heap before GC invocations=13 (full 0):
 garbage-first heap   total 81920K, used 60922K [0x0000000701000000, 0x0000000800000000)
  region size 2048K, 16 young (32768K), 3 survivors (6144K)
 Metaspace       used 54055K, committed 54336K, reserved 1114112K
  class space    used 6555K, committed 6656K, reserved 1048576K
}
Event: 3.040 GC heap after
{Heap after GC invocations=14 (full 0):
 garbage-first heap   total 81920K, used 38687K [0x0000000701000000, 0x0000000800000000)
  region size 2048K, 2 young (4096K), 2 survivors (4096K)
 Metaspace       used 54055K, committed 54336K, reserved 1114112K
  class space    used 6555K, committed 6656K, reserved 1048576K
}
Event: 3.421 GC heap before
{Heap before GC invocations=14 (full 0):
 garbage-first heap   total 81920K, used 63263K [0x0000000701000000, 0x0000000800000000)
  region size 2048K, 14 young (28672K), 2 survivors (4096K)
 Metaspace       used 55293K, committed 55552K, reserved 1114112K
  class space    used 6604K, committed 6720K, reserved 1048576K
}
Event: 3.433 GC heap after
{Heap after GC invocations=15 (full 0):
 garbage-first heap   total 100352K, used 43271K [0x0000000701000000, 0x0000000800000000)
  region size 2048K, 2 young (4096K), 2 survivors (4096K)
 Metaspace       used 55293K, committed 55552K, reserved 1114112K
  class space    used 6604K, committed 6720K, reserved 1048576K
}
Event: 4.124 GC heap before
{Heap before GC invocations=15 (full 0):
 garbage-first heap   total 100352K, used 73991K [0x0000000701000000, 0x0000000800000000)
  region size 2048K, 17 young (34816K), 2 survivors (4096K)
 Metaspace       used 59649K, committed 59904K, reserved 1114112K
  class space    used 7128K, committed 7232K, reserved 1048576K
}
Event: 4.133 GC heap after
{Heap after GC invocations=16 (full 0):
 garbage-first heap   total 100352K, used 47738K [0x0000000701000000, 0x0000000800000000)
  region size 2048K, 2 young (4096K), 2 survivors (4096K)
 Metaspace       used 59649K, committed 59904K, reserved 1114112K
  class space    used 7128K, committed 7232K, reserved 1048576K
}
Event: 4.226 GC heap before
{Heap before GC invocations=16 (full 0):
 garbage-first heap   total 100352K, used 55930K [0x0000000701000000, 0x0000000800000000)
  region size 2048K, 7 young (14336K), 2 survivors (4096K)
 Metaspace       used 60095K, committed 60416K, reserved 1114112K
  class space    used 7157K, committed 7296K, reserved 1048576K
}
Event: 4.232 GC heap after
{Heap after GC invocations=17 (full 0):
 garbage-first heap   total 100352K, used 49027K [0x0000000701000000, 0x0000000800000000)
  region size 2048K, 1 young (2048K), 1 survivors (2048K)
 Metaspace       used 60095K, committed 60416K, reserved 1114112K
  class space    used 7157K, committed 7296K, reserved 1048576K
}
Event: 4.813 GC heap before
{Heap before GC invocations=18 (full 0):
 garbage-first heap   total 100352K, used 75651K [0x0000000701000000, 0x0000000800000000)
  region size 2048K, 14 young (28672K), 1 survivors (2048K)
 Metaspace       used 61385K, committed 61696K, reserved 1114112K
  class space    used 7268K, committed 7424K, reserved 1048576K
}
Event: 4.820 GC heap after
{Heap after GC invocations=19 (full 0):
 garbage-first heap   total 100352K, used 53053K [0x0000000701000000, 0x0000000800000000)
  region size 2048K, 2 young (4096K), 2 survivors (4096K)
 Metaspace       used 61385K, committed 61696K, reserved 1114112K
  class space    used 7268K, committed 7424K, reserved 1048576K
}
Event: 5.452 GC heap before
{Heap before GC invocations=19 (full 0):
 garbage-first heap   total 100352K, used 77629K [0x0000000701000000, 0x0000000800000000)
  region size 2048K, 14 young (28672K), 2 survivors (4096K)
 Metaspace       used 62350K, committed 62656K, reserved 1114112K
  class space    used 7300K, committed 7488K, reserved 1048576K
}
Event: 5.462 GC heap after
{Heap after GC invocations=20 (full 0):
 garbage-first heap   total 100352K, used 56447K [0x0000000701000000, 0x0000000800000000)
  region size 2048K, 2 young (4096K), 2 survivors (4096K)
 Metaspace       used 62350K, committed 62656K, reserved 1114112K
  class space    used 7300K, committed 7488K, reserved 1048576K
}
Event: 5.945 GC heap before
{Heap before GC invocations=21 (full 0):
 garbage-first heap   total 100352K, used 78975K [0x0000000701000000, 0x0000000800000000)
  region size 2048K, 13 young (26624K), 2 survivors (4096K)
 Metaspace       used 63274K, committed 63616K, reserved 1114112K
  class space    used 7356K, committed 7552K, reserved 1048576K
}
Event: 5.952 GC heap after
{Heap after GC invocations=22 (full 0):
 garbage-first heap   total 100352K, used 59036K [0x0000000701000000, 0x0000000800000000)
  region size 2048K, 2 young (4096K), 2 survivors (4096K)
 Metaspace       used 63274K, committed 63616K, reserved 1114112K
  class space    used 7356K, committed 7552K, reserved 1048576K
}
Event: 5.982 GC heap before
{Heap before GC invocations=22 (full 0):
 garbage-first heap   total 100352K, used 61084K [0x0000000701000000, 0x0000000800000000)
  region size 2048K, 3 young (6144K), 2 survivors (4096K)
 Metaspace       used 63321K, committed 63680K, reserved 1114112K
  class space    used 7360K, committed 7552K, reserved 1048576K
}
Event: 6.007 GC heap after
{Heap after GC invocations=23 (full 0):
 garbage-first heap   total 120832K, used 58570K [0x0000000701000000, 0x0000000800000000)
  region size 2048K, 1 young (2048K), 1 survivors (2048K)
 Metaspace       used 63321K, committed 63680K, reserved 1114112K
  class space    used 7360K, committed 7552K, reserved 1048576K
}

